[2023-08-18 01:51:01] START
[2023-08-18 01:52:52] EDIT controle_comercial/models/db.py: 38
[2023-08-18 01:53:57] EDIT controle_comercial/models/db.py: 2
[2023-08-18 01:54:34] EDIT controle_comercial/models/menu.py: -94
[2023-08-18 01:54:41] CREATE acs_empresa.py: 0
[2023-08-18 01:54:50] EDIT controle_comercial/controllers/acs_empresa.py: 106
[2023-08-18 01:55:26] EDIT controle_comercial/views/layout.html: 3
[2023-08-18 01:55:56] CREATE pagina_inicial.html: 0
[2023-08-18 01:56:02] EDIT controle_comercial/views/pagina_inicial.html: 212
[2023-08-18 01:56:23] EDIT controle_comercial/controllers/default.py: -1
[2023-08-18 01:56:34] EDIT controle_comercial/views/default/index.html: -45
[2023-08-18 01:56:55] CREATE css/style.css: 0
[2023-08-18 01:57:12] EDIT controle_comercial/static/css/style.css: 9635
[2023-08-18 01:57:22] EDIT controle_comercial/views/pagina_inicial.html: 0
[2023-08-18 01:57:48] EDIT controle_comercial/models/db.py: 0
[2023-08-18 01:58:16] CREATE acs_empresa/index.html: 0
[2023-08-18 02:02:41] CREATE funcao.py: 0
[2023-08-18 02:02:44] EDIT controle_comercial/models/funcao.py: 7
[2023-08-18 02:02:47] EDIT controle_comercial/views/acs_empresa/index.html: 45
[2023-08-18 02:03:12] EDIT controle_comercial/views/acs_empresa/index.html: 0
[2023-08-18 02:04:20] EDIT controle_comercial/views/acs_empresa/index.html: 60
[2023-08-18 02:06:04] EDIT controle_comercial/views/acs_empresa/index.html: 0
[2023-08-18 02:07:42] EDIT controle_comercial/views/acs_empresa/index.html: 0
[2023-08-18 02:09:41] EDIT controle_comercial/views/acs_empresa/index.html: 0
[2023-08-18 02:10:39] EDIT controle_comercial/views/acs_empresa/index.html: 0
[2023-08-18 02:16:20] EDIT controle_comercial/views/acs_empresa/index.html: 0
[2023-08-18 02:17:05] EDIT controle_comercial/views/acs_empresa/index.html: 0
[2023-08-18 02:17:41] CREATE acs_produto.py: 0
[2023-08-18 02:18:57] CREATE acs_produto/index.html: 0
[2023-08-18 02:20:47] CREATE paginacao.html: 0
[2023-08-18 02:20:55] EDIT controle_comercial/views/paginacao.html: 18
[2023-08-18 02:22:09] EDIT controle_comercial/views/acs_produto/index.html: 101
[2023-08-18 02:22:55] EDIT controle_comercial/controllers/acs_produto.py: 75
[2023-08-18 02:23:24] CREATE d1.py: 0
[2023-08-18 02:23:35] CREATE db1.py: 0
[2023-08-18 02:24:48] EDIT controle_comercial/models/db1.py: 14
[2023-08-18 02:25:42] EDIT controle_comercial/controllers/acs_produto.py: 0
[2023-08-18 02:26:24] EDIT controle_comercial/views/acs_produto/index.html: 0
[2023-08-18 02:26:37] EDIT controle_comercial/views/acs_produto/index.html: -1
[2023-08-18 02:27:02] EDIT controle_comercial/views/acs_produto/index.html: 0
[2023-08-18 02:27:25] EDIT controle_comercial/views/acs_produto/index.html: -3
[2023-08-18 02:30:05] EDIT controle_comercial/models/db1.py: 0
[2023-08-18 02:30:16] EDIT controle_comercial/models/db1.py: 0
[2023-08-18 02:32:42] EDIT controle_comercial/models/db1.py: 0
[2023-08-18 02:38:34] EDIT controle_comercial/models/db1.py: 0
[2023-08-18 02:39:24] EDIT controle_comercial/models/db1.py: 0
[2023-08-18 02:40:54] EDIT controle_comercial/models/db1.py: 0
[2023-08-18 02:45:19] EDIT controle_comercial/models/db1.py: 0
[2023-08-18 02:49:18] EDIT controle_comercial/views/acs_produto/index.html: 2
[2023-08-18 02:51:08] EDIT controle_comercial/models/menu.py: 5
[2023-08-18 02:52:32] EDIT controle_comercial/views/acs_produto/index.html: 1
[2023-08-18 02:52:47] EDIT controle_comercial/views/acs_produto/index.html: 0
[2023-08-18 02:53:08] EDIT controle_comercial/views/acs_produto/index.html: 0
[2023-08-18 02:53:21] EDIT controle_comercial/views/acs_produto/index.html: 0
[2023-08-18 02:53:53] EDIT controle_comercial/views/acs_produto/index.html: 2
[2023-08-18 02:54:24] EDIT controle_comercial/views/acs_produto/index.html: 0
[2023-08-18 02:54:36] EDIT controle_comercial/views/acs_produto/index.html: 0
[2023-08-18 02:55:29] EDIT controle_comercial/views/acs_produto/index.html: 0
[2023-08-18 02:57:04] EDIT controle_comercial/views/acs_produto/index.html: 5
[2023-08-18 02:57:24] EDIT controle_comercial/views/acs_produto/index.html: 0
[2023-08-18 02:57:36] EDIT controle_comercial/views/acs_produto/index.html: 0
[2023-08-18 02:58:13] EDIT controle_comercial/controllers/acs_produto.py: 0
[2023-08-18 02:58:56] EDIT controle_comercial/views/acs_produto/index.html: 2
[2023-08-18 03:03:08] EDIT controle_comercial/models/db1.py: 14
[2023-08-18 03:04:33] EDIT controle_comercial/views/acs_produto/index.html: 0
[2023-08-18 03:05:42] EDIT controle_comercial/controllers/acs_produto.py: 4
[2023-08-18 03:05:50] EDIT controle_comercial/controllers/acs_produto.py: 0
[2023-08-18 03:06:24] EDIT controle_comercial/controllers/acs_produto.py: 0
[2023-08-18 03:08:24] CREATE acs_frente_caixa.py: 0
[2023-08-18 03:10:38] CREATE acs_frente_caixa/index.html: 0
[2023-08-18 03:10:50] EDIT controle_comercial/views/acs_frente_caixa/index.html: 92
[2023-08-18 03:12:24] EDIT controle_comercial/views/acs_frente_caixa/index.html: 20
[2023-08-18 03:14:02] EDIT controle_comercial/controllers/acs_frente_caixa.py: 1
[2023-08-18 03:14:51] EDIT controle_comercial/views/acs_frente_caixa/index.html: 0
[2023-08-18 03:15:42] EDIT controle_comercial/views/acs_frente_caixa/index.html: 0
[2023-08-18 03:15:51] EDIT controle_comercial/views/acs_frente_caixa/index.html: 0
[2023-08-18 03:16:29] EDIT controle_comercial/views/acs_frente_caixa/index.html: 0
[2023-08-18 03:18:09] EDIT controle_comercial/views/acs_frente_caixa/index.html: 0
[2023-08-18 03:20:48] EDIT controle_comercial/models/db1.py: 12
[2023-08-18 03:29:17] EDIT controle_comercial/views/acs_frente_caixa/index.html: 0
[2023-08-18 03:29:37] EDIT controle_comercial/models/funcao.py: 10
[2023-08-18 03:30:54] EDIT controle_comercial/views/acs_frente_caixa/index.html: 0
[2023-08-18 03:32:16] EDIT controle_comercial/controllers/acs_frente_caixa.py: 4
[2023-08-18 03:34:52] EDIT controle_comercial/controllers/acs_frente_caixa.py: 9
[2023-08-18 03:35:50] EDIT controle_comercial/controllers/acs_frente_caixa.py: 0
[2023-08-18 03:36:02] EDIT controle_comercial/controllers/acs_frente_caixa.py: 0
[2023-08-18 03:36:47] EDIT controle_comercial/controllers/acs_frente_caixa.py: -2
[2023-08-18 03:37:16] EDIT controle_comercial/models/funcao.py: 0
[2023-08-18 03:38:24] EDIT controle_comercial/models/db1.py: 0
[2023-08-18 03:42:53] EDIT controle_comercial/controllers/acs_frente_caixa.py: 20
[2023-08-18 03:43:19] EDIT controle_comercial/views/acs_frente_caixa/index.html: 0
[2023-08-18 03:43:51] EDIT controle_comercial/views/acs_frente_caixa/index.html: 0
[2023-08-18 03:46:56] EDIT controle_comercial/controllers/acs_frente_caixa.py: 10
[2023-08-18 03:47:28] EDIT controle_comercial/views/acs_frente_caixa/index.html: 1
[2023-08-18 03:48:34] EDIT controle_comercial/controllers/acs_frente_caixa.py: 0
[2023-08-19 03:52:30] EDIT controle_comercial/views/acs_frente_caixa/index.html: 1
[2023-08-19 03:52:41] EDIT controle_comercial/views/acs_frente_caixa/index.html: 0
[2023-08-19 03:56:46] EDIT controle_comercial/controllers/acs_frente_caixa.py: 11
[2023-08-19 03:57:42] EDIT controle_comercial/views/acs_frente_caixa/index.html: -11
[2023-08-19 03:59:57] EDIT controle_comercial/views/acs_frente_caixa/index.html: 10
[2023-08-19 04:00:47] EDIT controle_comercial/views/acs_frente_caixa/index.html: 0
[2023-08-19 04:01:31] EDIT controle_comercial/views/acs_frente_caixa/index.html: 0
[2023-08-19 04:01:48] EDIT controle_comercial/controllers/acs_frente_caixa.py: 0
[2023-08-19 04:03:38] EDIT controle_comercial/models/db1.py: 13
[2023-08-19 04:03:52] EDIT controle_comercial/controllers/acs_frente_caixa.py: -1
[2023-08-19 04:05:05] EDIT controle_comercial/controllers/acs_frente_caixa.py: 2
[2023-08-19 04:06:20] EDIT controle_comercial/controllers/acs_frente_caixa.py: 0
[2023-08-19 04:06:37] EDIT controle_comercial/controllers/acs_frente_caixa.py: 0
[2023-08-19 04:08:08] EDIT controle_comercial/models/db1.py: 0
[2023-08-19 04:08:37] EDIT controle_comercial/models/db1.py: 0
[2023-08-19 04:09:17] EDIT controle_comercial/controllers/acs_frente_caixa.py: 2
[2023-08-19 04:09:27] EDIT controle_comercial/controllers/acs_frente_caixa.py: 0
[2023-08-19 04:09:41] EDIT controle_comercial/models/db1.py: 0
[2023-08-19 04:10:06] EDIT controle_comercial/models/db1.py: 0
[2023-08-19 04:10:15] EDIT controle_comercial/models/db1.py: 0
[2023-08-19 04:11:00] EDIT controle_comercial/controllers/acs_frente_caixa.py: 1
[2023-08-19 04:11:26] EDIT controle_comercial/views/acs_frente_caixa/index.html: -10
[2023-08-19 04:11:59] EDIT controle_comercial/views/acs_frente_caixa/index.html: 0
[2023-08-19 04:12:33] EDIT controle_comercial/views/acs_frente_caixa/index.html: 1
[2023-08-19 04:13:03] EDIT controle_comercial/views/acs_frente_caixa/index.html: 0
[2023-08-19 04:14:07] EDIT controle_comercial/views/acs_frente_caixa/index.html: 2
[2023-08-19 04:14:16] EDIT controle_comercial/views/acs_frente_caixa/index.html: 0
[2023-08-19 04:14:57] EDIT controle_comercial/views/acs_frente_caixa/index.html: -1
[2023-08-19 04:15:43] EDIT controle_comercial/views/acs_frente_caixa/index.html: 0
[2023-08-19 04:16:05] EDIT controle_comercial/views/acs_frente_caixa/index.html: 0
[2023-08-19 04:16:31] EDIT controle_comercial/views/acs_frente_caixa/index.html: 0
[2023-08-19 04:16:43] EDIT controle_comercial/views/acs_frente_caixa/index.html: 0
[2023-08-19 04:17:48] EDIT controle_comercial/controllers/acs_frente_caixa.py: 1
[2023-08-19 04:18:41] EDIT controle_comercial/views/acs_frente_caixa/index.html: 0
[2023-08-19 04:19:18] EDIT controle_comercial/views/acs_frente_caixa/index.html: 0
[2023-08-19 04:19:41] EDIT controle_comercial/models/db1.py: 0
[2023-08-19 04:24:26] EDIT controle_comercial/views/acs_frente_caixa/index.html: 0
[2023-08-19 04:25:11] EDIT controle_comercial/views/acs_frente_caixa/index.html: 0
[2023-08-19 04:25:20] EDIT controle_comercial/views/acs_frente_caixa/index.html: 0
[2023-08-19 04:25:55] EDIT controle_comercial/views/acs_frente_caixa/index.html: 0
[2023-08-19 04:26:30] EDIT controle_comercial/views/acs_frente_caixa/index.html: 0
[2023-08-19 04:26:45] EDIT controle_comercial/views/acs_frente_caixa/index.html: 0
[2023-08-19 04:27:29] EDIT controle_comercial/controllers/acs_frente_caixa.py: 1
[2023-08-19 04:28:12] EDIT controle_comercial/controllers/acs_frente_caixa.py: 0
[2023-08-19 04:28:49] EDIT controle_comercial/controllers/acs_frente_caixa.py: 1
[2023-08-19 04:29:01] EDIT controle_comercial/views/acs_frente_caixa/index.html: 0
[2023-08-19 04:29:59] EDIT controle_comercial/views/acs_frente_caixa/index.html: 0
[2023-08-19 04:31:06] EDIT controle_comercial/views/acs_frente_caixa/index.html: 0
[2023-08-19 04:31:31] EDIT controle_comercial/views/acs_frente_caixa/index.html: 2
[2023-08-19 04:32:43] EDIT controle_comercial/controllers/acs_frente_caixa.py: 4
[2023-08-19 04:32:48] EDIT controle_comercial/controllers/acs_frente_caixa.py: 1
[2023-08-19 04:33:13] EDIT controle_comercial/controllers/acs_frente_caixa.py: 0
[2023-08-19 04:33:29] EDIT controle_comercial/controllers/acs_frente_caixa.py: 0
[2023-08-19 04:34:22] EDIT controle_comercial/controllers/acs_frente_caixa.py: 2
[2023-08-19 04:35:23] EDIT controle_comercial/views/acs_frente_caixa/index.html: 5
[2023-08-19 04:36:11] EDIT controle_comercial/views/acs_frente_caixa/index.html: 4
[2023-08-19 04:36:46] EDIT controle_comercial/views/acs_frente_caixa/index.html: 2
[2023-08-19 04:37:49] EDIT controle_comercial/views/acs_frente_caixa/index.html: 2
[2023-08-19 04:38:03] EDIT controle_comercial/views/acs_frente_caixa/index.html: 0
[2023-08-19 04:38:53] EDIT controle_comercial/controllers/acs_frente_caixa.py: 3
[2023-08-19 04:39:12] EDIT controle_comercial/controllers/acs_frente_caixa.py: 0
[2023-08-19 04:40:13] EDIT controle_comercial/views/acs_frente_caixa/index.html: 0
[2023-08-19 04:41:18] EDIT controle_comercial/controllers/acs_frente_caixa.py: 0
[2023-08-19 04:42:02] EDIT controle_comercial/controllers/acs_frente_caixa.py: 0
[2023-08-19 04:42:34] EDIT controle_comercial/controllers/acs_frente_caixa.py: -1
[2023-08-19 04:43:43] EDIT controle_comercial/controllers/acs_frente_caixa.py: 0
[2023-08-19 04:43:56] EDIT controle_comercial/controllers/acs_frente_caixa.py: 0
[2023-08-19 04:44:04] EDIT controle_comercial/controllers/acs_frente_caixa.py: 1
[2023-08-19 04:44:33] EDIT controle_comercial/views/acs_frente_caixa/index.html: 2
[2023-08-19 04:44:47] EDIT controle_comercial/views/acs_frente_caixa/index.html: 0
[2023-08-19 04:45:24] EDIT controle_comercial/views/acs_frente_caixa/index.html: 0
[2023-08-19 04:47:28] EDIT controle_comercial/views/acs_frente_caixa/index.html: 0
[2023-08-19 04:48:37] EDIT controle_comercial/views/acs_frente_caixa/index.html: 1
[2023-08-19 04:48:49] EDIT controle_comercial/views/acs_frente_caixa/index.html: 0
[2023-08-19 04:48:53] EDIT controle_comercial/views/acs_frente_caixa/index.html: -1
[2023-08-19 04:50:31] EDIT controle_comercial/views/acs_frente_caixa/index.html: 12
[2023-08-19 04:52:21] EDIT controle_comercial/views/acs_frente_caixa/index.html: 2
[2023-08-19 04:53:40] EDIT controle_comercial/views/acs_frente_caixa/index.html: 4
[2023-08-19 04:53:53] EDIT controle_comercial/views/acs_frente_caixa/index.html: 0
[2023-08-19 04:54:41] EDIT controle_comercial/views/acs_frente_caixa/index.html: 0
[2023-08-19 04:55:41] EDIT controle_comercial/views/acs_frente_caixa/index.html: 5
[2023-08-19 05:01:41] CREATE acs_pessoa.py: 0
[2023-08-19 05:05:56] EDIT controle_comercial/controllers/acs_frente_caixa.py: 35
[2023-08-19 05:09:07] EDIT controle_comercial/controllers/acs_frente_caixa.py: 29
[2023-08-19 05:09:28] EDIT controle_comercial/controllers/acs_frente_caixa.py: -2
[2023-08-19 05:09:45] EDIT controle_comercial/controllers/acs_frente_caixa.py: 0
[2023-08-19 05:10:08] EDIT controle_comercial/controllers/acs_frente_caixa.py: 2
[2023-08-19 05:10:14] EDIT controle_comercial/controllers/acs_frente_caixa.py: 0
[2023-08-19 16:12:26] EDIT controle_comercial/controllers/acs_pessoa.py: 66
[2023-08-19 16:12:54] EDIT controle_comercial/views/acs_empresa/index.html: 0
[2023-08-19 16:13:38] EDIT controle_comercial/controllers/acs_pessoa.py: 1
[2023-08-19 16:13:52] CREATE acs_pessoa/index.html: 0
[2023-08-19 16:15:06] EDIT controle_comercial/views/acs_pessoa/index.html: 111
[2023-08-19 16:15:42] CREATE paginacao_tipo.html: 0
[2023-08-19 16:15:50] EDIT controle_comercial/views/acs_pessoa/index.html: 0
[2023-08-19 16:16:00] EDIT controle_comercial/views/paginacao_tipo.html: 18
[2023-08-19 16:17:31] EDIT controle_comercial/models/db1.py: 0
[2023-08-19 16:18:15] EDIT controle_comercial/models/db1.py: 1
[2023-08-19 16:18:28] EDIT controle_comercial/models/db1.py: 0
[2023-08-19 16:19:22] EDIT controle_comercial/views/acs_pessoa/index.html: 0
[2023-08-19 16:19:57] EDIT controle_comercial/models/db1.py: 0
[2023-08-19 16:20:30] EDIT controle_comercial/controllers/acs_pessoa.py: 0
[2023-08-19 16:20:41] EDIT controle_comercial/controllers/acs_pessoa.py: 0
[2023-08-19 16:21:08] EDIT controle_comercial/models/db1.py: 0
[2023-08-19 16:23:03] EDIT controle_comercial/views/acs_pessoa/index.html: 3
[2023-08-19 16:25:08] EDIT controle_comercial/views/acs_empresa/index.html: 0
[2023-08-19 16:25:39] EDIT controle_comercial/views/acs_empresa/index.html: 0
[2023-08-19 22:07:48] EDIT controle_comercial/views/acs_empresa/index.html: 57
[2023-08-19 22:07:57] EDIT controle_comercial/views/acs_empresa/index.html: -1
[2023-08-19 22:09:05] EDIT controle_comercial/views/acs_empresa/index.html: 0
[2023-08-19 22:09:10] EDIT controle_comercial/views/acs_empresa/index.html: 0
[2023-08-19 22:10:49] EDIT controle_comercial/views/acs_empresa/index.html: 0
[2023-08-19 22:11:07] EDIT controle_comercial/views/acs_empresa/index.html: 0
[2023-08-19 22:13:09] EDIT controle_comercial/views/acs_empresa/index.html: 0
[2023-08-19 22:13:45] EDIT controle_comercial/views/acs_frente_caixa/index.html: 0
[2023-08-19 22:14:02] EDIT controle_comercial/views/acs_empresa/index.html: 0
[2023-08-19 22:20:15] EDIT controle_comercial/controllers/acs_frente_caixa.py: 3
[2023-08-19 22:20:18] EDIT controle_comercial/controllers/acs_frente_caixa.py: -1
[2023-08-19 22:21:09] EDIT controle_comercial/controllers/acs_frente_caixa.py: -1
[2023-08-19 22:21:33] EDIT controle_comercial/views/acs_frente_caixa/index.html: 0
[2023-08-19 22:24:13] EDIT controle_comercial/views/acs_frente_caixa/index.html: 0
[2023-08-19 22:30:26] EDIT controle_comercial/controllers/acs_frente_caixa.py: 0
[2023-08-19 22:31:24] EDIT controle_comercial/views/acs_frente_caixa/index.html: 1
[2023-08-19 22:32:10] EDIT controle_comercial/controllers/acs_frente_caixa.py: -1
[2023-08-19 22:32:37] EDIT controle_comercial/views/acs_frente_caixa/index.html: 0
[2023-08-19 22:32:56] EDIT controle_comercial/controllers/acs_frente_caixa.py: 1
[2023-08-19 22:34:03] EDIT controle_comercial/views/acs_frente_caixa/index.html: 8
[2023-08-19 22:34:15] EDIT controle_comercial/views/acs_frente_caixa/index.html: 0
[2023-08-19 22:35:15] EDIT controle_comercial/models/db1.py: 0
[2023-08-19 22:36:13] EDIT controle_comercial/controllers/acs_frente_caixa.py: 0
[2023-08-19 22:36:29] EDIT controle_comercial/controllers/acs_frente_caixa.py: 0
[2023-08-19 22:36:46] EDIT controle_comercial/views/acs_frente_caixa/index.html: 0
[2023-08-19 22:37:46] EDIT controle_comercial/views/acs_frente_caixa/index.html: -4
[2023-08-19 22:38:21] EDIT controle_comercial/views/acs_frente_caixa/index.html: 0
[2023-08-19 22:38:40] EDIT controle_comercial/controllers/acs_frente_caixa.py: 0
[2023-08-19 22:38:52] EDIT controle_comercial/controllers/acs_frente_caixa.py: 1
[2023-08-19 22:39:04] EDIT controle_comercial/controllers/acs_frente_caixa.py: -1
[2023-08-19 22:39:08] EDIT controle_comercial/controllers/acs_frente_caixa.py: 0
[2023-08-19 22:39:43] EDIT controle_comercial/views/acs_frente_caixa/index.html: 0
[2023-08-19 22:40:21] EDIT controle_comercial/views/acs_frente_caixa/index.html: -1
[2023-08-19 22:40:29] EDIT controle_comercial/views/acs_frente_caixa/index.html: 0
[2023-08-19 22:41:19] EDIT controle_comercial/controllers/acs_frente_caixa.py: 1
[2023-08-19 22:41:25] EDIT controle_comercial/controllers/acs_frente_caixa.py: 0
[2023-08-19 22:42:13] EDIT controle_comercial/models/db1.py: 0
[2023-08-19 22:42:42] EDIT controle_comercial/views/acs_frente_caixa/index.html: 0
[2023-08-19 22:43:29] EDIT controle_comercial/controllers/acs_frente_caixa.py: 1
[2023-08-19 22:44:19] EDIT controle_comercial/views/acs_frente_caixa/index.html: 4
[2023-08-19 22:44:28] EDIT controle_comercial/views/acs_frente_caixa/index.html: 0
[2023-08-19 22:44:56] EDIT controle_comercial/views/acs_frente_caixa/index.html: 4
[2023-08-19 22:45:55] EDIT controle_comercial/views/acs_frente_caixa/index.html: 0
[2023-08-19 22:46:33] EDIT controle_comercial/views/acs_frente_caixa/index.html: 0
[2023-08-19 22:47:25] EDIT controle_comercial/views/acs_frente_caixa/index.html: 8
[2023-08-19 22:48:44] EDIT controle_comercial/views/acs_frente_caixa/index.html: 0
[2023-08-19 22:49:17] EDIT controle_comercial/views/acs_frente_caixa/index.html: 6
[2023-08-19 22:49:53] EDIT controle_comercial/views/acs_frente_caixa/index.html: 6
[2023-08-19 22:50:21] EDIT controle_comercial/views/acs_frente_caixa/index.html: 0
[2023-08-19 22:54:41] EDIT controle_comercial/views/acs_frente_caixa/index.html: 0
[2023-08-19 22:55:44] EDIT controle_comercial/controllers/acs_frente_caixa.py: 0
[2023-08-19 22:56:16] EDIT controle_comercial/controllers/acs_frente_caixa.py: 1
[2023-08-19 22:57:09] EDIT controle_comercial/controllers/acs_frente_caixa.py: 0
[2023-08-19 22:58:37] EDIT controle_comercial/views/acs_frente_caixa/index.html: 0
[2023-08-19 22:59:26] EDIT controle_comercial/views/acs_frente_caixa/index.html: 0
[2023-08-19 23:02:07] EDIT controle_comercial/controllers/acs_frente_caixa.py: 1
[2023-08-19 23:02:31] EDIT controle_comercial/controllers/acs_frente_caixa.py: -1
[2023-08-19 23:02:56] EDIT controle_comercial/views/acs_frente_caixa/index.html: -1
[2023-08-19 23:03:38] EDIT controle_comercial/views/acs_frente_caixa/index.html: 1
[2023-08-19 23:04:03] EDIT controle_comercial/views/acs_frente_caixa/index.html: 0
[2023-08-19 23:04:41] EDIT controle_comercial/views/acs_frente_caixa/index.html: 0
[2023-08-19 23:05:33] EDIT controle_comercial/models/db1.py: 0
[2023-08-19 23:07:37] EDIT controle_comercial/controllers/acs_frente_caixa.py: 4
[2023-08-19 23:07:53] EDIT controle_comercial/controllers/acs_frente_caixa.py: 0
[2023-08-19 23:08:31] EDIT controle_comercial/models/db1.py: 0
[2023-08-19 23:13:30] EDIT controle_comercial/views/acs_empresa/index.html: 0
[2023-08-19 23:13:38] EDIT controle_comercial/views/acs_empresa/index.html: 0
[2023-08-19 23:14:02] EDIT controle_comercial/views/acs_empresa/index.html: 0
[2023-08-19 23:14:14] CREATE acs_operacao.py: 0
[2023-08-19 23:15:51] EDIT controle_comercial/controllers/acs_operacao.py: 63
[2023-08-19 23:16:27] CREATE acs_operacao/index.html: 0
[2023-08-19 23:17:30] EDIT controle_comercial/views/acs_operacao/index.html: 111
[2023-08-19 23:18:30] EDIT controle_comercial/views/acs_operacao/index.html: 0
[2023-08-19 23:19:28] EDIT controle_comercial/views/acs_operacao/index.html: 0
[2023-08-19 23:20:34] EDIT controle_comercial/controllers/acs_operacao.py: 0
[2023-08-19 23:20:47] EDIT controle_comercial/controllers/acs_operacao.py: 0
[2023-08-19 23:21:38] EDIT controle_comercial/views/acs_operacao/index.html: 0
[2023-08-19 23:21:50] EDIT controle_comercial/views/acs_operacao/index.html: 0
[2023-08-20 01:15:58] EDIT controle_comercial/views/acs_frente_caixa/index.html: 3
[2023-08-20 01:17:14] EDIT controle_comercial/views/acs_frente_caixa/index.html: 3
[2023-08-20 01:17:40] EDIT controle_comercial/views/acs_frente_caixa/index.html: 2
[2023-08-20 01:19:12] EDIT controle_comercial/views/acs_frente_caixa/index.html: 0
[2023-08-20 01:21:33] EDIT controle_comercial/views/acs_frente_caixa/index.html: 0
[2023-08-20 01:21:48] EDIT controle_comercial/views/acs_frente_caixa/index.html: 0
[2023-08-20 01:21:58] EDIT controle_comercial/views/acs_frente_caixa/index.html: -1
[2023-08-20 01:22:20] EDIT controle_comercial/views/acs_frente_caixa/index.html: 1
[2023-08-20 01:30:14] CREATE acs-usuario.py: 0
[2023-08-20 01:30:18] CREATE acs_usuario.py: 0
[2023-08-20 01:31:49] EDIT controle_comercial/controllers/acs_usuario.py: 95
[2023-08-20 01:32:24] EDIT controle_comercial/views/acs_empresa/index.html: 0
[2023-08-20 01:32:37] EDIT controle_comercial/views/acs_empresa/index.html: 0
[2023-08-20 01:32:51] CREATE acs_usuario/index.html: 0
[2023-08-20 01:33:29] EDIT controle_comercial/views/acs_usuario/index.html: 109
[2023-08-20 01:34:18] EDIT controle_comercial/views/acs_usuario/index.html: 0
[2023-08-20 01:34:33] EDIT controle_comercial/views/acs_usuario/index.html: 0
[2023-08-20 01:35:49] EDIT controle_comercial/views/acs_usuario/index.html: 2
[2023-08-20 01:36:29] EDIT controle_comercial/views/acs_usuario/index.html: 4
[2023-08-20 01:43:26] EDIT controle_comercial/views/acs_frente_caixa/index.html: 0
[2023-08-20 01:45:20] EDIT controle_comercial/controllers/acs_frente_caixa.py: 14
[2023-08-20 01:46:41] EDIT controle_comercial/models/db1.py: 0
[2023-08-20 01:50:28] EDIT controle_comercial/controllers/acs_frente_caixa.py: 6
[2023-08-20 01:51:01] EDIT controle_comercial/controllers/acs_frente_caixa.py: 0
[2023-08-20 01:51:22] EDIT controle_comercial/controllers/acs_frente_caixa.py: 0
[2023-08-20 01:52:01] EDIT controle_comercial/views/acs_frente_caixa/index.html: 1
[2023-08-20 01:52:14] EDIT controle_comercial/views/acs_frente_caixa/index.html: 0
[2023-08-20 01:52:50] EDIT controle_comercial/views/acs_frente_caixa/index.html: 0
[2023-08-20 01:55:26] EDIT controle_comercial/views/acs_operacao/index.html: 8
[2023-08-20 01:55:45] EDIT controle_comercial/views/acs_operacao/index.html: 0
[2023-08-20 01:55:48] EDIT controle_comercial/views/acs_operacao/index.html: 0
[2023-08-20 01:56:13] EDIT controle_comercial/views/acs_operacao/index.html: -2
[2023-08-20 01:56:23] EDIT controle_comercial/views/acs_operacao/index.html: 0
[2023-08-20 01:56:49] EDIT controle_comercial/models/db1.py: 0
[2023-08-20 01:58:19] EDIT controle_comercial/views/acs_operacao/index.html: 6
[2023-08-20 01:58:23] EDIT controle_comercial/views/acs_operacao/index.html: 0
[2023-08-20 01:58:48] EDIT controle_comercial/views/acs_operacao/index.html: 0
[2023-08-20 02:01:48] EDIT controle_comercial/views/acs_operacao/index.html: 3
[2023-08-20 02:02:09] EDIT controle_comercial/views/acs_operacao/index.html: 2
[2023-08-20 02:02:40] EDIT controle_comercial/views/acs_operacao/index.html: 0
[2023-08-20 02:02:52] EDIT controle_comercial/views/acs_operacao/index.html: 0
[2023-08-20 02:02:55] EDIT controle_comercial/views/acs_operacao/index.html: 0
[2023-08-20 02:03:38] EDIT controle_comercial/controllers/acs_operacao.py: 0
[2023-08-20 02:04:17] EDIT controle_comercial/views/acs_operacao/index.html: 4
[2023-08-20 02:04:41] EDIT controle_comercial/views/acs_operacao/index.html: 0
[2023-08-20 02:04:57] EDIT controle_comercial/views/acs_operacao/index.html: 0
[2023-08-20 02:07:58] EDIT controle_comercial/views/acs_operacao/index.html: 0
[2023-08-20 02:08:00] EDIT controle_comercial/views/acs_operacao/index.html: 0
[2023-08-20 02:09:55] EDIT controle_comercial/views/acs_operacao/index.html: 2
[2023-08-20 02:10:12] EDIT controle_comercial/views/acs_operacao/index.html: 0
[2023-08-20 02:10:36] EDIT controle_comercial/views/acs_operacao/index.html: 0
[2023-08-20 02:11:01] EDIT controle_comercial/views/acs_operacao/index.html: 0
[2023-08-20 02:11:37] EDIT controle_comercial/views/acs_operacao/index.html: 0
[2023-08-20 02:17:00] EDIT controle_comercial/views/acs_empresa/index.html: 0
[2023-08-20 02:17:09] EDIT controle_comercial/views/acs_empresa/index.html: 0
[2023-08-20 02:18:34] EDIT controle_comercial/views/acs_empresa/index.html: 0
[2023-08-20 02:28:07] EDIT controle_comercial/views/acs_empresa/index.html: 0
[2023-08-20 02:28:21] EDIT controle_comercial/views/acs_empresa/index.html: 0
[2023-08-20 02:35:13] CREATE funcao_estoque.py: 0
[2023-08-20 02:36:08] EDIT controle_comercial/views/acs_produto/index.html: 1
[2023-08-20 02:36:24] EDIT controle_comercial/models/funcao_estoque.py: 33
[2023-08-20 02:36:52] EDIT controle_comercial/models/funcao_estoque.py: -1
[2023-08-20 02:38:07] EDIT controle_comercial/models/funcao_estoque.py: 0
[2023-08-20 02:38:53] EDIT controle_comercial/models/funcao_estoque.py: 1
[2023-08-20 02:40:55] EDIT controle_comercial/controllers/acs_frente_caixa.py: 2
[2023-08-20 02:42:10] EDIT controle_comercial/models/funcao_estoque.py: 1
[2023-08-20 02:46:58] EDIT controle_comercial/views/acs_produto/index.html: 0
[2023-08-20 02:48:17] EDIT controle_comercial/models/db1.py: 1
[2023-08-20 03:21:44] EDIT controle_comercial/models/db1.py: 11
[2023-08-20 03:22:02] EDIT controle_comercial/models/db1.py: 0
[2023-08-20 03:24:12] EDIT controle_comercial/models/db1.py: 0
[2023-08-20 03:38:12] EDIT controle_comercial/models/funcao.py: 33
[2023-08-20 03:38:23] EDIT controle_comercial/models/funcao.py: 1
[2023-08-20 03:38:35] EDIT controle_comercial/models/funcao.py: 0
[2023-08-20 03:39:08] EDIT controle_comercial/views/acs_frente_caixa/index.html: 1
[2023-08-20 03:40:50] EDIT controle_comercial/models/funcao.py: 0
[2023-08-20 03:41:28] CREATE acs_regostros.py: 0
[2023-08-20 03:48:12] CREATE acs_registros.py: 0
[2023-08-20 03:48:25] EDIT controle_comercial/controllers/acs_registros.py: 74
[2023-08-20 03:49:03] EDIT controle_comercial/controllers/acs_registros.py: 0
[2023-08-20 03:50:10] EDIT controle_comercial/views/acs_empresa/index.html: 0
[2023-08-20 03:50:41] EDIT controle_comercial/views/acs_empresa/index.html: 0
[2023-08-20 03:51:13] EDIT controle_comercial/views/acs_empresa/index.html: 0
[2023-08-20 03:51:39] CREATE acs_registros/index.html: 0
[2023-08-20 03:52:16] EDIT controle_comercial/views/acs_registros/index.html: 111
[2023-08-20 03:52:43] EDIT controle_comercial/views/acs_registros/index.html: -1
[2023-08-20 03:54:27] EDIT controle_comercial/controllers/acs_registros.py: 1
[2023-08-20 03:54:52] EDIT controle_comercial/controllers/acs_registros.py: 0
[2023-08-20 03:56:35] EDIT controle_comercial/controllers/acs_registros.py: 0
[2023-08-20 03:56:53] EDIT controle_comercial/controllers/acs_registros.py: 0
[2023-08-20 04:00:03] EDIT controle_comercial/controllers/acs_registros.py: 4
[2023-08-20 04:00:49] EDIT controle_comercial/views/acs_registros/index.html: 0
[2023-08-20 04:01:10] EDIT controle_comercial/controllers/acs_registros.py: 1
[2023-08-20 04:01:27] EDIT controle_comercial/controllers/acs_registros.py: -1
[2023-08-20 04:01:54] EDIT controle_comercial/views/acs_registros/index.html: -4
[2023-08-20 04:02:00] EDIT controle_comercial/views/acs_registros/index.html: 4
[2023-08-20 04:02:29] EDIT controle_comercial/views/acs_registros/index.html: 0
[2023-08-20 04:03:09] EDIT controle_comercial/views/acs_registros/index.html: -8
[2023-08-20 04:03:49] EDIT controle_comercial/views/acs_registros/index.html: 8
[2023-08-20 04:04:25] EDIT controle_comercial/views/acs_registros/index.html: 0
[2023-08-20 04:04:42] EDIT controle_comercial/views/acs_registros/index.html: 0
[2023-08-20 04:04:53] EDIT controle_comercial/views/acs_registros/index.html: 0
[2023-08-20 04:05:11] EDIT controle_comercial/views/acs_registros/index.html: 0
[2023-08-20 04:05:33] EDIT controle_comercial/views/acs_registros/index.html: 0
[2023-08-20 04:05:52] EDIT controle_comercial/views/acs_registros/index.html: -1
[2023-08-20 04:06:32] EDIT controle_comercial/models/funcao.py: 0
[2023-08-20 04:08:08] EDIT controle_comercial/models/funcao.py: 0
[2023-08-20 04:08:24] EDIT controle_comercial/models/funcao.py: 0
[2023-08-20 04:08:49] EDIT controle_comercial/models/funcao.py: 0
[2023-08-20 04:09:17] EDIT controle_comercial/models/funcao.py: 0
[2023-08-20 04:10:38] EDIT controle_comercial/models/funcao.py: 0
[2023-08-20 04:11:46] EDIT controle_comercial/models/funcao.py: 1
[2023-08-20 04:13:08] EDIT controle_comercial/models/funcao.py: 0
[2023-08-20 04:13:24] EDIT controle_comercial/models/funcao.py: 0
[2023-08-20 04:13:41] EDIT controle_comercial/models/funcao.py: 0
[2023-08-20 04:14:31] EDIT controle_comercial/models/funcao.py: 3
[2023-08-20 04:14:50] EDIT controle_comercial/models/funcao.py: 0
[2023-08-20 04:16:37] EDIT controle_comercial/models/funcao.py: 1
[2023-08-20 04:16:39] EDIT controle_comercial/models/funcao.py: 0
[2023-08-20 04:17:08] EDIT controle_comercial/models/funcao.py: 0
[2023-08-20 04:17:35] EDIT controle_comercial/models/funcao.py: 0
[2023-08-20 04:17:44] EDIT controle_comercial/models/funcao.py: 0
[2023-08-20 04:18:12] EDIT controle_comercial/models/funcao.py: 0
[2023-08-20 04:18:24] EDIT controle_comercial/models/funcao.py: 0
[2023-08-20 04:18:36] EDIT controle_comercial/models/funcao.py: 0
[2023-08-20 04:18:39] EDIT controle_comercial/models/funcao.py: 0
[2023-08-20 04:19:01] EDIT controle_comercial/models/funcao.py: 0
[2023-08-20 04:19:08] EDIT controle_comercial/models/funcao.py: 0
[2023-08-20 04:19:28] EDIT controle_comercial/models/funcao.py: 0
[2023-08-20 04:23:02] EDIT controle_comercial/views/acs_registros/index.html: 0
[2023-08-20 04:23:28] EDIT controle_comercial/views/acs_registros/index.html: 0
[2023-08-20 04:23:40] EDIT controle_comercial/views/acs_registros/index.html: 0
[2023-08-20 04:24:51] EDIT controle_comercial/views/acs_registros/index.html: 0
[2023-08-20 04:25:22] EDIT controle_comercial/controllers/acs_registros.py: 0
[2023-08-20 04:25:29] EDIT controle_comercial/controllers/acs_registros.py: 0
[2023-08-20 04:25:55] EDIT controle_comercial/controllers/acs_registros.py: 0
[2023-08-21 02:53:17] EDIT controle_comercial/views/acs_empresa/index.html: 57
[2023-08-21 02:53:52] EDIT controle_comercial/views/acs_empresa/index.html: -1
[2023-08-21 02:56:01] EDIT controle_comercial/views/acs_empresa/index.html: 0
[2023-08-21 02:56:53] EDIT controle_comercial/views/acs_empresa/index.html: 0
[2023-08-21 02:57:15] EDIT controle_comercial/views/acs_empresa/index.html: 0
[2023-08-21 02:58:24] EDIT controle_comercial/views/acs_frente_caixa/index.html: 1
[2023-08-21 02:59:19] EDIT controle_comercial/views/acs_frente_caixa/index.html: 0
[2023-08-21 02:59:33] EDIT controle_comercial/views/acs_frente_caixa/index.html: 0
[2023-08-21 02:59:43] EDIT controle_comercial/views/acs_frente_caixa/index.html: 0
[2023-08-21 03:00:04] EDIT controle_comercial/views/acs_frente_caixa/index.html: 0
[2023-08-21 03:00:19] EDIT controle_comercial/views/acs_frente_caixa/index.html: 2
[2023-08-21 03:00:25] EDIT controle_comercial/views/acs_frente_caixa/index.html: 2
[2023-08-21 03:01:27] EDIT controle_comercial/views/acs_frente_caixa/index.html: 0
[2023-08-21 03:02:19] EDIT controle_comercial/views/acs_frente_caixa/index.html: 0
[2023-08-21 03:02:36] EDIT controle_comercial/views/acs_frente_caixa/index.html: -4
[2023-08-21 03:02:43] EDIT controle_comercial/views/acs_frente_caixa/index.html: 1
[2023-08-21 03:02:49] EDIT controle_comercial/views/acs_frente_caixa/index.html: 0
[2023-08-21 03:02:59] EDIT controle_comercial/views/acs_frente_caixa/index.html: 0
[2023-08-21 03:03:36] EDIT controle_comercial/views/acs_frente_caixa/index.html: 3
[2023-08-21 03:03:57] EDIT controle_comercial/views/acs_frente_caixa/index.html: 0
[2023-08-21 03:04:32] EDIT controle_comercial/views/acs_frente_caixa/index.html: -2
[2023-08-21 03:04:50] EDIT controle_comercial/views/acs_frente_caixa/index.html: 1
[2023-08-21 03:05:08] EDIT controle_comercial/views/acs_frente_caixa/index.html: 0
[2023-08-21 03:05:34] EDIT controle_comercial/views/acs_frente_caixa/index.html: 0
[2023-08-21 03:05:44] EDIT controle_comercial/views/acs_frente_caixa/index.html: 1
[2023-08-21 03:06:26] EDIT controle_comercial/views/acs_frente_caixa/index.html: 5
[2023-08-21 03:06:51] EDIT controle_comercial/views/acs_frente_caixa/index.html: 0
[2023-08-21 03:06:59] EDIT controle_comercial/views/acs_frente_caixa/index.html: 2
[2023-08-21 03:08:28] EDIT controle_comercial/views/acs_frente_caixa/index.html: 3
[2023-08-21 03:08:53] EDIT controle_comercial/views/acs_frente_caixa/index.html: 1
[2023-08-21 03:09:12] EDIT controle_comercial/views/acs_frente_caixa/index.html: 0
[2023-08-21 03:09:21] EDIT controle_comercial/views/acs_frente_caixa/index.html: 0
[2023-08-21 03:14:07] EDIT controle_comercial/views/acs_empresa/index.html: 0
[2023-08-21 03:14:20] EDIT controle_comercial/views/acs_empresa/index.html: 0
[2023-08-21 03:14:49] EDIT controle_comercial/views/acs_empresa/index.html: 0
[2023-08-21 03:17:12] EDIT controle_comercial/views/acs_empresa/index.html: 0
[2023-08-21 03:17:25] EDIT controle_comercial/views/acs_empresa/index.html: 0
[2023-08-21 03:17:55] EDIT controle_comercial/views/acs_empresa/index.html: 0
[2023-08-21 03:18:32] EDIT controle_comercial/views/acs_empresa/index.html: 0
[2023-08-21 03:19:56] EDIT controle_comercial/views/acs_empresa/index.html: 0
[2023-08-21 03:20:27] EDIT controle_comercial/views/acs_empresa/index.html: 0
[2023-08-21 03:21:24] EDIT controle_comercial/views/acs_empresa/index.html: 0
[2023-08-21 03:21:53] EDIT controle_comercial/views/acs_empresa/index.html: 0
[2023-08-21 03:22:36] EDIT controle_comercial/views/acs_empresa/index.html: 0
[2023-08-21 03:22:54] EDIT controle_comercial/views/acs_empresa/index.html: 0
[2023-08-21 03:23:12] EDIT controle_comercial/views/acs_empresa/index.html: 0
[2023-08-21 03:23:16] EDIT controle_comercial/views/acs_empresa/index.html: 0
[2023-08-21 03:24:31] EDIT controle_comercial/views/acs_empresa/index.html: 0
[2023-08-21 03:26:09] EDIT controle_comercial/views/acs_empresa/index.html: 0
[2023-08-21 03:26:26] EDIT controle_comercial/views/acs_empresa/index.html: 0
[2023-08-21 03:26:39] EDIT controle_comercial/views/acs_empresa/index.html: 0
[2023-08-21 03:27:05] EDIT controle_comercial/views/acs_empresa/index.html: 0
[2023-08-21 03:27:18] EDIT controle_comercial/views/acs_empresa/index.html: 0
[2023-08-21 03:27:24] EDIT controle_comercial/views/acs_empresa/index.html: 0
[2023-08-21 03:27:36] EDIT controle_comercial/views/acs_empresa/index.html: 0
[2023-08-21 03:27:56] EDIT controle_comercial/views/acs_empresa/index.html: 0
[2023-08-21 04:36:53] EDIT controle_comercial/views/acs_produto/index.html: 0
[2023-08-21 04:37:04] EDIT controle_comercial/views/acs_produto/index.html: 0
[2023-08-21 04:42:51] EDIT controle_comercial/views/acs_registros/index.html: 0
[2023-08-21 04:43:18] EDIT controle_comercial/views/acs_produto/index.html: 0
[2023-08-21 04:43:21] EDIT controle_comercial/views/acs_produto/index.html: 0
[2023-08-21 04:43:57] EDIT controle_comercial/views/acs_produto/index.html: 0
[2023-08-21 04:45:34] EDIT controle_comercial/controllers/acs_frente_caixa.py: 11
[2023-08-21 04:46:26] EDIT controle_comercial/models/db1.py: 0
[2023-08-21 04:46:47] EDIT controle_comercial/views/acs_produto/index.html: 0
[2023-08-21 04:48:29] EDIT controle_comercial/views/acs_produto/index.html: 0
[2023-08-21 04:48:54] EDIT controle_comercial/views/acs_registros/index.html: 0
[2023-08-21 04:49:44] EDIT controle_comercial/models/db1.py: 1
[2023-08-21 04:50:53] EDIT controle_comercial/views/acs_registros/index.html: 6
[2023-08-21 04:51:22] EDIT controle_comercial/models/db1.py: 0
[2023-08-21 04:51:49] EDIT controle_comercial/views/acs_registros/index.html: 0
[2023-08-21 04:52:13] EDIT controle_comercial/views/acs_registros/index.html: 2
[2023-08-21 04:52:52] EDIT controle_comercial/views/acs_registros/index.html: -7
[2023-08-21 04:52:58] EDIT controle_comercial/views/acs_registros/index.html: 0
[2023-08-21 04:53:21] EDIT controle_comercial/views/acs_registros/index.html: 2
[2023-08-21 04:53:47] EDIT controle_comercial/views/acs_registros/index.html: 3
[2023-08-21 04:53:58] EDIT controle_comercial/views/acs_registros/index.html: 1
[2023-08-21 04:54:40] EDIT controle_comercial/controllers/acs_registros.py: 0
[2023-08-21 04:56:13] EDIT controle_comercial/views/acs_registros/index.html: -3
[2023-08-21 04:56:19] EDIT controle_comercial/views/acs_registros/index.html: 5
[2023-08-21 04:56:23] EDIT controle_comercial/views/acs_registros/index.html: -7
[2023-08-21 04:57:36] EDIT controle_comercial/views/acs_registros/index.html: 1
[2023-08-21 04:57:59] EDIT controle_comercial/views/acs_registros/index.html: 1
[2023-08-21 04:58:34] EDIT controle_comercial/views/acs_registros/index.html: 0
[2023-08-21 04:58:37] EDIT controle_comercial/views/acs_registros/index.html: 0
[2023-08-21 04:59:27] EDIT controle_comercial/views/acs_registros/index.html: 5
[2023-08-21 04:59:33] EDIT controle_comercial/views/acs_registros/index.html: -2
[2023-08-21 05:06:31] EDIT controle_comercial/views/acs_registros/index.html: -4
[2023-08-21 05:07:02] EDIT controle_comercial/views/acs_registros/index.html: 0
[2023-08-21 05:07:46] EDIT controle_comercial/views/acs_registros/index.html: 3
[2023-08-21 05:08:15] EDIT controle_comercial/views/acs_registros/index.html: -4
[2023-08-21 05:09:52] EDIT controle_comercial/views/acs_registros/index.html: 4
[2023-08-21 05:13:56] EDIT controle_comercial/views/acs_registros/index.html: -4
[2023-08-21 05:14:30] EDIT controle_comercial/views/acs_registros/index.html: 4
[2023-08-21 05:14:52] EDIT controle_comercial/views/acs_registros/index.html: 5
[2023-08-21 05:15:03] EDIT controle_comercial/views/acs_registros/index.html: 0
[2023-08-21 05:18:10] EDIT controle_comercial/views/acs_registros/index.html: 6
[2023-08-21 05:22:47] EDIT controle_comercial/views/acs_frente_caixa/index.html: 3
[2023-08-21 05:23:20] EDIT controle_comercial/views/acs_frente_caixa/index.html: -3
[2023-08-21 05:28:38] EDIT controle_comercial/controllers/acs_empresa.py: 1
[2023-08-21 05:32:03] EDIT controle_comercial/views/acs_registros/index.html: 0
[2023-08-21 05:32:16] EDIT controle_comercial/views/acs_registros/index.html: 0
[2023-08-21 05:33:15] EDIT controle_comercial/views/acs_registros/index.html: 0
[2023-08-21 05:34:47] EDIT controle_comercial/views/acs_registros/index.html: 0
[2023-08-21 05:41:10] EDIT controle_comercial/models/db1.py: 11
[2023-08-21 05:42:47] CREATE acs_patrimonio.py: 0
[2023-08-21 05:43:07] EDIT controle_comercial/controllers/acs_patrimonio.py: 63
[2023-08-21 05:43:23] CREATE acs_patrimonio/index.html: 0
[2023-08-21 05:43:50] EDIT controle_comercial/views/acs_patrimonio/index.html: 111
[2023-08-21 05:43:52] EDIT controle_comercial/views/acs_patrimonio/index.html: -1
[2023-08-21 05:44:02] EDIT controle_comercial/views/acs_patrimonio/index.html: 0
[2023-08-21 05:44:53] EDIT controle_comercial/models/db1.py: 0
[2023-08-21 05:45:36] EDIT controle_comercial/views/acs_patrimonio/index.html: -1
[2023-08-21 05:46:10] EDIT controle_comercial/views/acs_empresa/index.html: 0
[2023-08-21 05:46:31] EDIT controle_comercial/views/acs_patrimonio/index.html: 0
[2023-08-21 05:49:13] CREATE acs_fluxo_caixa.py: 0
[2023-08-21 05:49:46] EDIT controle_comercial/controllers/acs_fluxo_caixa.py: 22
[2023-08-21 05:50:36] EDIT controle_comercial/controllers/acs_fluxo_caixa.py: 0
[2023-08-21 05:51:13] EDIT controle_comercial/views/acs_empresa/index.html: 0
[2023-08-21 05:52:02] EDIT controle_comercial/controllers/acs_fluxo_caixa.py: 0
[2023-08-21 05:57:18] EDIT controle_comercial/controllers/acs_fluxo_caixa.py: 2
[2023-08-21 06:06:45] EDIT controle_comercial/controllers/acs_registros.py: 0
[2023-08-21 06:09:06] EDIT controle_comercial/controllers/acs_fluxo_caixa.py: 24
[2023-08-21 06:09:20] CREATE acs_fluxo_caixa/index.html: 0
[2023-08-21 06:09:35] EDIT controle_comercial/views/acs_fluxo_caixa/index.html: 221
[2023-08-21 06:10:26] EDIT controle_comercial/views/acs_fluxo_caixa/index.html: -3
[2023-08-21 06:11:25] EDIT controle_comercial/controllers/acs_fluxo_caixa.py: 0
[2023-08-21 06:11:46] EDIT controle_comercial/controllers/acs_fluxo_caixa.py: 0
[2023-08-21 06:12:44] EDIT controle_comercial/views/acs_fluxo_caixa/index.html: -17
[2023-08-21 06:12:53] EDIT controle_comercial/views/acs_fluxo_caixa/index.html: 17
[2023-08-21 06:13:13] EDIT controle_comercial/views/acs_fluxo_caixa/index.html: -220
[2023-08-21 06:13:17] EDIT controle_comercial/views/acs_fluxo_caixa/index.html: 1
[2023-08-21 06:13:36] EDIT controle_comercial/views/acs_fluxo_caixa/index.html: 0
[2023-08-21 06:14:05] EDIT controle_comercial/views/acs_fluxo_caixa/index.html: 2
[2023-08-21 06:14:09] EDIT controle_comercial/views/acs_fluxo_caixa/index.html: 0
[2023-08-21 06:14:17] EDIT controle_comercial/views/acs_fluxo_caixa/index.html: 0
[2023-08-21 06:15:02] EDIT controle_comercial/views/acs_fluxo_caixa/index.html: 2
[2023-08-21 06:15:15] EDIT controle_comercial/views/acs_fluxo_caixa/index.html: 0
[2023-08-21 06:17:03] EDIT controle_comercial/views/acs_fluxo_caixa/index.html: 212
[2023-08-21 06:17:51] EDIT controle_comercial/views/acs_fluxo_caixa/index.html: 0
[2023-08-21 06:18:43] EDIT controle_comercial/views/acs_fluxo_caixa/index.html: 0
[2023-08-21 06:18:54] EDIT controle_comercial/views/acs_fluxo_caixa/index.html: 0
[2023-08-21 06:19:21] EDIT controle_comercial/controllers/acs_fluxo_caixa.py: 0
[2023-08-21 06:20:10] EDIT controle_comercial/views/acs_fluxo_caixa/index.html: 0
[2023-08-21 06:20:42] EDIT controle_comercial/views/acs_fluxo_caixa/index.html: -1
[2023-08-21 06:21:05] EDIT controle_comercial/views/acs_fluxo_caixa/index.html: 0
[2023-08-21 06:22:06] EDIT controle_comercial/controllers/acs_fluxo_caixa.py: 0
[2023-08-21 06:23:04] EDIT controle_comercial/controllers/acs_fluxo_caixa.py: -9
[2023-08-21 06:23:10] EDIT controle_comercial/controllers/acs_fluxo_caixa.py: 9
[2023-08-21 06:23:56] EDIT controle_comercial/controllers/acs_fluxo_caixa.py: -23
[2023-08-21 06:24:32] EDIT controle_comercial/controllers/acs_fluxo_caixa.py: 1
[2023-08-21 06:25:07] EDIT controle_comercial/views/acs_fluxo_caixa/index.html: 1
[2023-08-21 06:25:18] EDIT controle_comercial/views/acs_fluxo_caixa/index.html: 0
[2023-08-21 06:25:31] EDIT controle_comercial/views/acs_fluxo_caixa/index.html: 0
[2023-08-21 06:26:23] EDIT controle_comercial/controllers/acs_fluxo_caixa.py: 0
[2023-08-21 06:27:05] EDIT controle_comercial/views/acs_fluxo_caixa/index.html: -1
[2023-08-21 06:27:27] EDIT controle_comercial/views/acs_fluxo_caixa/index.html: 1
[2023-08-21 06:27:56] EDIT controle_comercial/views/acs_fluxo_caixa/index.html: 0
[2023-08-21 06:28:11] EDIT controle_comercial/views/acs_fluxo_caixa/index.html: 0
[2023-08-21 06:28:54] EDIT controle_comercial/views/acs_fluxo_caixa/index.html: 0
[2023-08-29 01:32:55] EDIT controle_comercial/controllers/acs_frente_caixa.py: 4
[2023-08-29 01:33:19] EDIT controle_comercial/controllers/acs_frente_caixa.py: 0
[2023-08-29 01:34:45] EDIT controle_comercial/views/acs_operacao/index.html: 2
[2023-08-29 01:35:00] EDIT controle_comercial/views/acs_operacao/index.html: -2
[2023-08-29 01:39:32] EDIT controle_comercial/views/acs_produto/index.html: 9
[2023-08-29 01:39:58] EDIT controle_comercial/views/acs_produto/index.html: 0
[2023-08-29 01:40:12] EDIT controle_comercial/views/acs_produto/index.html: 0
[2023-08-29 01:41:48] EDIT controle_comercial/controllers/acs_produto.py: 4
[2023-08-29 01:42:14] EDIT controle_comercial/models/db1.py: 0
[2023-08-29 01:43:52] EDIT controle_comercial/controllers/acs_produto.py: 2
[2023-08-29 01:46:18] EDIT controle_comercial/models/db.py: 0
[2023-08-29 01:48:12] EDIT controle_comercial/models/db.py: 0
[2023-08-29 01:48:49] EDIT controle_comercial/models/db.py: 0
[2023-08-29 01:49:17] EDIT controle_comercial/models/db.py: 0
[2023-08-29 01:52:38] EDIT controle_comercial/models/db.py: 0
[2023-08-29 01:52:46] EDIT controle_comercial/models/db.py: 0
[2023-08-29 01:53:03] EDIT controle_comercial/models/db.py: 0
[2023-08-29 01:53:08] EDIT controle_comercial/models/db.py: 0
[2023-08-29 01:53:10] EDIT controle_comercial/models/db.py: 0
[2023-08-29 01:53:23] EDIT controle_comercial/models/db.py: 0
[2023-08-29 01:56:44] EDIT controle_comercial/models/db1.py: 1
[2023-08-29 01:57:30] EDIT controle_comercial/models/db1.py: 0
[2023-08-29 01:58:37] EDIT controle_comercial/models/db1.py: 0
[2023-08-29 01:58:50] EDIT controle_comercial/models/db.py: 0
[2023-08-29 01:58:52] EDIT controle_comercial/models/db.py: 0
[2023-08-29 01:59:48] EDIT controle_comercial/models/db.py: 0
[2023-08-29 02:00:10] EDIT controle_comercial/models/db.py: 0
[2023-08-29 02:00:22] EDIT controle_comercial/models/db.py: 0
[2023-08-29 02:00:29] EDIT controle_comercial/models/db.py: 0
[2023-08-29 02:01:22] EDIT controle_comercial/models/db.py: 0
[2023-08-29 02:02:55] EDIT controle_comercial/models/db.py: 0
[2023-08-29 02:04:00] EDIT controle_comercial/models/db.py: 0
[2023-08-29 02:08:43] EDIT controle_comercial/models/db.py: 0
[2023-08-29 02:09:31] EDIT controle_comercial/models/db.py: 0
[2023-08-29 02:10:23] EDIT controle_comercial/models/db.py: 0
[2023-08-29 02:11:24] EDIT controle_comercial/models/db.py: 0
[2023-08-29 02:12:53] EDIT controle_comercial/models/db.py: 0
[2023-08-29 02:13:12] EDIT controle_comercial/models/db.py: 0
[2023-08-29 02:13:27] EDIT controle_comercial/models/db.py: 0
[2023-08-29 02:13:29] EDIT controle_comercial/models/db.py: 0
[2023-08-29 02:14:50] EDIT controle_comercial/models/db.py: 0
[2023-08-29 02:14:53] EDIT controle_comercial/models/db.py: 0
[2023-08-29 02:14:59] EDIT controle_comercial/models/db.py: 0
[2023-08-29 02:17:52] EDIT controle_comercial/models/db.py: 0
[2023-08-29 02:18:14] EDIT controle_comercial/models/db.py: 0
[2023-08-29 02:19:29] EDIT controle_comercial/models/db.py: 0
[2023-08-29 02:20:52] EDIT controle_comercial/models/db1.py: -1
[2023-08-29 02:21:41] DELETE controle_comercial/models/d1.py: 0
[2023-08-29 02:22:23] EDIT controle_comercial/models/db.py: 0
[2023-08-29 02:23:35] EDIT controle_comercial/models/db.py: 0
[2023-08-29 02:28:05] EDIT controle_comercial/controllers/acs_produto.py: 1
[2023-08-29 02:28:16] EDIT controle_comercial/models/db.py: 0
[2023-08-29 02:28:29] EDIT controle_comercial/controllers/acs_produto.py: 0
[2023-08-29 02:28:39] EDIT controle_comercial/controllers/acs_produto.py: -1
[2023-08-29 02:28:44] EDIT controle_comercial/controllers/acs_produto.py: 0
[2023-08-29 02:28:57] EDIT controle_comercial/models/db.py: 0
[2023-08-29 02:29:55] EDIT controle_comercial/models/db.py: 0
[2023-08-29 02:30:00] EDIT controle_comercial/models/db.py: 0
[2023-08-29 02:30:04] EDIT controle_comercial/models/db.py: 0
[2023-08-29 02:34:19] EDIT controle_comercial/models/db.py: 0
[2023-08-29 02:34:22] EDIT controle_comercial/models/db.py: 0
[2023-08-29 02:35:11] EDIT controle_comercial/models/db.py: 0
[2023-08-29 02:35:32] EDIT controle_comercial/models/db.py: 0
[2023-08-29 02:35:44] EDIT controle_comercial/models/db.py: 0
[2023-08-29 02:36:10] EDIT controle_comercial/models/db.py: 0
[2023-08-29 02:36:19] EDIT controle_comercial/models/db.py: -1
[2023-08-29 02:36:21] EDIT controle_comercial/models/db.py: 0
[2023-08-29 02:36:40] EDIT controle_comercial/models/db.py: 0
[2023-08-29 02:37:27] EDIT controle_comercial/models/db.py: 0
[2023-08-29 02:37:52] EDIT controle_comercial/models/db.py: 1
[2023-08-29 03:10:10] EDIT controle_comercial/models/db.py: 0
[2023-08-29 03:10:30] EDIT controle_comercial/models/db.py: 0
[2023-08-29 03:12:38] EDIT controle_comercial/controllers/default.py: 3
[2023-08-29 03:13:22] EDIT controle_comercial/controllers/acs_empresa.py: -1
[2023-08-29 03:15:04] EDIT controle_comercial/models/db.py: 0
[2023-08-29 03:40:17] EDIT controle_comercial/models/db1.py: 0
[2023-08-29 03:40:58] EDIT controle_comercial/controllers/acs_frente_caixa.py: 0
[2023-08-29 03:56:03] EDIT controle_comercial/models/funcao_estoque.py: 12
[2023-08-29 03:56:12] EDIT controle_comercial/models/funcao_estoque.py: -1
[2023-08-29 03:56:39] EDIT controle_comercial/models/funcao_estoque.py: -11
[2023-08-29 03:57:49] EDIT controle_comercial/views/acs_produto/index.html: 0
[2023-08-29 03:59:07] EDIT controle_comercial/views/acs_produto/index.html: 0
[2023-08-29 04:00:33] EDIT controle_comercial/models/funcao_estoque.py: 0
[2023-08-29 04:22:33] EDIT controle_comercial/models/db1.py: 0
[2023-08-29 04:23:21] EDIT controle_comercial/controllers/acs_frente_caixa.py: 9
[2023-08-29 04:25:41] EDIT controle_comercial/views/acs_frente_caixa/index.html: 1
[2023-08-29 04:26:09] EDIT controle_comercial/views/acs_frente_caixa/index.html: 0
[2023-08-29 04:26:55] EDIT controle_comercial/views/acs_produto/index.html: -1
[2023-08-29 04:27:36] EDIT controle_comercial/views/acs_produto/index.html: 2
[2023-08-29 04:28:12] EDIT controle_comercial/views/acs_produto/index.html: 1
[2023-08-29 04:28:27] EDIT controle_comercial/views/acs_produto/index.html: 1
[2023-08-29 04:28:52] EDIT controle_comercial/views/acs_produto/index.html: 0
[2023-08-29 04:29:06] EDIT controle_comercial/views/acs_produto/index.html: 0
[2023-08-29 04:30:04] EDIT controle_comercial/views/layout.html: 11
[2023-08-29 04:30:57] EDIT controle_comercial/views/layout.html: -3
[2023-08-29 04:31:27] EDIT controle_comercial/views/acs_produto/index.html: 0
[2023-08-29 04:31:30] EDIT controle_comercial/views/acs_produto/index.html: 0
[2023-08-29 04:36:39] EDIT controle_comercial/controllers/acs_frente_caixa.py: 2
[2023-08-29 04:37:40] EDIT controle_comercial/controllers/acs_frente_caixa.py: 0
[2023-08-29 05:02:28] EDIT controle_comercial/controllers/acs_frente_caixa.py: 0
[2023-08-29 05:02:59] EDIT controle_comercial/controllers/acs_frente_caixa.py: 1
[2023-08-29 05:03:40] EDIT controle_comercial/controllers/acs_frente_caixa.py: -1
[2023-08-29 05:06:26] EDIT controle_comercial/views/acs_frente_caixa/index.html: 6
[2023-08-29 05:07:16] EDIT controle_comercial/views/acs_frente_caixa/index.html: 0
[2023-08-29 05:07:35] EDIT controle_comercial/views/acs_frente_caixa/index.html: 0
[2023-08-29 06:06:56] EDIT controle_comercial/views/acs_frente_caixa/index.html: 0
[2023-08-29 06:07:39] EDIT controle_comercial/views/acs_frente_caixa/index.html: 0
[2023-08-29 06:09:16] EDIT controle_comercial/views/acs_frente_caixa/index.html: 2
[2023-08-29 06:10:04] EDIT controle_comercial/views/acs_frente_caixa/index.html: 0
[2023-08-29 06:10:17] EDIT controle_comercial/views/acs_frente_caixa/index.html: 0
[2023-08-29 06:10:38] EDIT controle_comercial/views/acs_frente_caixa/index.html: 0
[2023-08-29 06:10:48] EDIT controle_comercial/views/acs_frente_caixa/index.html: 0
[2023-08-29 06:12:25] EDIT controle_comercial/controllers/acs_frente_caixa.py: 5
[2023-08-29 06:12:54] EDIT controle_comercial/controllers/acs_frente_caixa.py: 0
[2023-08-29 06:13:05] EDIT controle_comercial/controllers/acs_frente_caixa.py: 0
[2023-08-29 06:13:43] EDIT controle_comercial/controllers/acs_frente_caixa.py: 0
[2023-08-29 06:15:18] EDIT controle_comercial/controllers/acs_frente_caixa.py: 0
[2023-08-29 06:16:21] EDIT controle_comercial/controllers/acs_frente_caixa.py: 2
[2023-08-29 06:16:42] EDIT controle_comercial/controllers/acs_frente_caixa.py: 0
[2023-08-29 06:16:48] EDIT controle_comercial/controllers/acs_frente_caixa.py: 0
[2023-08-29 06:17:00] EDIT controle_comercial/controllers/acs_frente_caixa.py: -1
[2023-08-29 06:18:50] EDIT controle_comercial/controllers/acs_frente_caixa.py: 2
[2023-08-29 06:20:23] EDIT controle_comercial/views/acs_frente_caixa/index.html: 10
[2023-08-29 06:20:39] EDIT controle_comercial/views/acs_frente_caixa/index.html: 0
[2023-08-29 06:20:55] EDIT controle_comercial/views/acs_frente_caixa/index.html: 0
[2023-08-29 06:21:03] EDIT controle_comercial/views/acs_frente_caixa/index.html: 0
[2023-08-29 06:22:22] EDIT controle_comercial/views/acs_frente_caixa/index.html: 0
[2023-08-29 06:22:50] EDIT controle_comercial/views/acs_frente_caixa/index.html: 0
[2023-08-29 06:23:11] EDIT controle_comercial/views/acs_frente_caixa/index.html: 0
[2023-08-29 06:24:30] EDIT controle_comercial/views/acs_operacao/index.html: 0
[2023-08-29 06:29:46] EDIT controle_comercial/models/funcao.py: 2
[2023-08-29 06:29:54] EDIT controle_comercial/models/funcao.py: 0
[2023-08-29 06:31:56] EDIT controle_comercial/models/funcao.py: 0
[2023-08-29 06:34:17] EDIT controle_comercial/views/acs_empresa/index.html: 2
[2023-08-29 06:34:27] EDIT controle_comercial/views/acs_empresa/index.html: 0
[2023-08-29 06:34:45] EDIT controle_comercial/views/acs_empresa/index.html: 0
[2023-08-29 06:39:59] EDIT controle_comercial/controllers/acs_produto.py: 37
[2023-08-29 06:40:11] EDIT controle_comercial/controllers/acs_produto.py: 0
[2023-08-29 06:40:57] EDIT controle_comercial/controllers/acs_produto.py: -6
[2023-08-29 06:41:06] EDIT controle_comercial/views/acs_produto/index.html: 0
[2023-08-29 06:41:27] CREATE acs_produto/acessar.html: 0
[2023-08-29 06:43:16] EDIT controle_comercial/views/acs_produto/acessar.html: 101
[2023-08-29 06:43:47] EDIT controle_comercial/controllers/acs_produto.py: 0
[2023-08-29 06:45:14] EDIT controle_comercial/views/acs_produto/acessar.html: 8
[2023-08-29 06:45:39] EDIT controle_comercial/views/acs_produto/acessar.html: 0
[2023-08-29 06:45:53] EDIT controle_comercial/views/acs_produto/acessar.html: 0
[2023-08-29 06:46:09] EDIT controle_comercial/views/acs_produto/acessar.html: 0
[2023-08-29 06:46:35] EDIT controle_comercial/views/acs_produto/acessar.html: 0
[2023-08-29 06:46:54] EDIT controle_comercial/views/acs_produto/acessar.html: 0
[2023-08-29 06:47:00] EDIT controle_comercial/views/acs_produto/acessar.html: 0
[2023-08-29 06:47:08] EDIT controle_comercial/views/acs_produto/acessar.html: 0
[2023-08-29 06:47:45] EDIT controle_comercial/views/acs_produto/acessar.html: 0
[2023-08-29 06:47:52] EDIT controle_comercial/views/acs_produto/acessar.html: 0
[2023-08-29 06:48:07] EDIT controle_comercial/views/acs_produto/acessar.html: 0
[2023-08-29 06:48:28] EDIT controle_comercial/views/acs_produto/acessar.html: 0
[2023-08-29 06:48:30] EDIT controle_comercial/views/acs_produto/acessar.html: 0
[2023-08-29 06:48:57] EDIT controle_comercial/views/acs_produto/acessar.html: 0
[2023-08-29 06:49:05] EDIT controle_comercial/views/acs_produto/acessar.html: 0
[2023-08-29 06:49:18] EDIT controle_comercial/views/acs_produto/acessar.html: 0
[2023-08-29 06:53:46] EDIT controle_comercial/views/acs_empresa/index.html: 0
[2023-08-29 06:58:14] EDIT controle_comercial/views/layout.html: 0
[2023-08-29 06:58:40] EDIT controle_comercial/views/layout.html: 0
[2023-08-29 06:59:33] EDIT controle_comercial/views/default/user.html: 0
[2023-08-29 06:59:59] EDIT controle_comercial/views/layout.html: 0
[2023-08-29 07:03:34] EDIT controle_comercial/views/acs_frente_caixa/index.html: 9
[2023-08-29 07:04:08] EDIT controle_comercial/views/acs_frente_caixa/index.html: 0
[2023-08-29 07:05:31] EDIT controle_comercial/views/acs_frente_caixa/index.html: 0
[2023-08-29 07:06:53] EDIT controle_comercial/views/acs_frente_caixa/index.html: 9
[2023-08-29 07:07:08] EDIT controle_comercial/views/acs_frente_caixa/index.html: 0
[2023-08-29 07:07:10] EDIT controle_comercial/views/acs_frente_caixa/index.html: 0
[2023-08-29 07:08:04] EDIT controle_comercial/views/acs_frente_caixa/index.html: 9
[2023-08-29 07:08:20] EDIT controle_comercial/views/acs_frente_caixa/index.html: 0
[2023-08-29 07:08:33] EDIT controle_comercial/views/acs_frente_caixa/index.html: 0
[2023-08-29 07:09:22] EDIT controle_comercial/views/acs_frente_caixa/index.html: 9
[2023-08-29 07:09:41] EDIT controle_comercial/views/acs_frente_caixa/index.html: 0
[2023-08-29 07:11:31] EDIT controle_comercial/views/acs_frente_caixa/index.html: 0
[2023-08-29 07:12:27] EDIT controle_comercial/views/acs_frente_caixa/index.html: 0
[2023-08-29 07:13:29] EDIT controle_comercial/views/acs_frente_caixa/index.html: 0
[2023-08-29 07:14:11] EDIT controle_comercial/views/acs_frente_caixa/index.html: 3
[2023-08-29 07:14:20] EDIT controle_comercial/views/acs_frente_caixa/index.html: 0
[2023-08-29 07:14:54] EDIT controle_comercial/views/acs_frente_caixa/index.html: -9
[2023-08-29 07:16:01] EDIT controle_comercial/views/acs_frente_caixa/index.html: 9
[2023-08-29 07:16:13] EDIT controle_comercial/views/acs_frente_caixa/index.html: 0
[2023-08-29 07:16:28] EDIT controle_comercial/views/acs_frente_caixa/index.html: 0
[2023-08-29 07:16:32] EDIT controle_comercial/views/acs_frente_caixa/index.html: 0
[2023-08-29 07:16:47] EDIT controle_comercial/views/acs_frente_caixa/index.html: 0
[2023-08-29 07:17:01] EDIT controle_comercial/views/acs_frente_caixa/index.html: 0
[2023-08-29 07:20:17] EDIT controle_comercial/controllers/acs_produto.py: 0
[2023-08-29 07:23:00] EDIT controle_comercial/views/acs_empresa/index.html: 56
[2023-08-29 07:23:29] EDIT controle_comercial/views/acs_empresa/index.html: 0
[2023-08-29 07:23:42] EDIT controle_comercial/views/acs_empresa/index.html: 0
[2023-08-29 07:23:51] EDIT controle_comercial/views/acs_empresa/index.html: 0
[2023-08-29 07:24:09] EDIT controle_comercial/views/acs_empresa/index.html: 0
[2023-08-29 07:24:17] EDIT controle_comercial/views/acs_empresa/index.html: 0
[2023-08-29 07:24:21] EDIT controle_comercial/views/acs_empresa/index.html: 0
[2023-08-29 07:25:00] EDIT controle_comercial/views/acs_empresa/index.html: 0
[2023-08-29 07:26:11] EDIT controle_comercial/views/acs_empresa/index.html: 0
[2023-08-29 07:27:41] EDIT controle_comercial/views/acs_empresa/index.html: 0
[2023-08-29 07:28:05] EDIT controle_comercial/views/acs_empresa/index.html: 0
[2023-08-29 07:30:24] EDIT controle_comercial/views/acs_empresa/index.html: 0
[2023-08-29 07:30:38] CREATE acs_relatorio.py: 0
[2023-08-29 07:31:09] EDIT controle_comercial/controllers/acs_relatorio.py: 2
[2023-08-29 07:31:37] EDIT controle_comercial/controllers/acs_relatorio.py: 3
[2023-08-29 07:31:52] CREATE acs_consulta.py: 0
[2023-08-29 07:32:07] EDIT controle_comercial/controllers/acs_consulta.py: 5
[2023-08-29 07:33:06] EDIT controle_comercial/controllers/acs_consulta.py: 6
[2023-08-29 07:34:17] EDIT controle_comercial/controllers/acs_relatorio.py: 1
[2023-08-29 07:35:00] EDIT controle_comercial/controllers/acs_relatorio.py: 1
[2023-08-29 07:38:01] CREATE mensagem.html: 0
[2023-08-29 07:40:38] EDIT controle_comercial/views/mensagem.html: 29
[2023-08-29 07:40:45] EDIT controle_comercial/views/mensagem.html: -4
[2023-08-29 07:41:04] EDIT controle_comercial/controllers/acs_consulta.py: 0
[2023-08-29 07:41:09] EDIT controle_comercial/controllers/acs_relatorio.py: 0
[2023-08-29 07:44:05] EDIT controle_comercial/controllers/acs_consulta.py: 4
[2023-08-29 07:45:14] EDIT controle_comercial/views/acs_empresa/index.html: 0
[2023-08-29 07:45:43] EDIT controle_comercial/views/acs_empresa/index.html: 0
[2023-08-29 07:46:18] EDIT controle_comercial/views/acs_empresa/index.html: 0
[2023-08-29 07:46:39] EDIT controle_comercial/views/acs_empresa/index.html: 0
[2023-08-29 07:47:26] EDIT controle_comercial/views/acs_empresa/index.html: 0
[2023-08-29 07:47:43] EDIT controle_comercial/views/mensagem.html: 0
[2023-08-29 07:48:28] EDIT controle_comercial/views/acs_empresa/index.html: 0
[2023-08-29 07:49:40] EDIT controle_comercial/views/acs_produto/index.html: 0
[2023-08-29 07:51:54] EDIT controle_comercial/views/generic.html: 18
[2023-08-29 07:53:02] EDIT controle_comercial/models/db.py: 0
[2023-08-29 07:53:29] EDIT controle_comercial/controllers/acs_empresa.py: 5
[2023-08-29 07:53:40] EDIT controle_comercial/controllers/acs_empresa.py: 0
[2023-08-29 07:53:46] EDIT controle_comercial/controllers/acs_empresa.py: 0
[2023-08-29 07:53:53] EDIT controle_comercial/controllers/acs_empresa.py: 0
[2023-08-29 07:54:17] EDIT controle_comercial/controllers/acs_empresa.py: 1
[2023-08-29 07:54:26] EDIT controle_comercial/controllers/acs_empresa.py: 1
[2023-08-29 07:54:34] EDIT controle_comercial/controllers/acs_empresa.py: 0
[2023-08-29 07:54:45] EDIT controle_comercial/controllers/acs_empresa.py: 0
